<?xml version="1.0" encoding="UTF-8"?>
<!-- Generated by org.testng.reporters.JUnitReportReporter -->
<testsuite hostname="Hosselet" failures="0" tests="1" name="nopcommerceTest.CheckoutPageTest" time="7.948" errors="0" timestamp="2024-07-28T22:58:28 CEST" skipped="0">
  <testcase classname="nopcommerceTest.CheckoutPageTest" name="checkouProcessTest" time="7.948"/>
</testsuite> <!-- nopcommerceTest.CheckoutPageTest -->
