<?xml version="1.0" encoding="UTF-8"?>
<!-- Generated by org.testng.reporters.JUnitReportReporter -->
<testsuite hostname="Hosselet" failures="0" tests="1" name="nopcommerceTest.RegisterPageTest" time="4.221" errors="0" timestamp="2024-07-28T22:58:28 CEST" skipped="0">
  <testcase classname="nopcommerceTest.RegisterPageTest" name="registerPageTest" time="4.221"/>
</testsuite> <!-- nopcommerceTest.RegisterPageTest -->
